{
  "0 debug pnpm:scope": {
    "selected": 1
  },
  "1 debug pnpm:package-manifest": {
    "initial": {
      "name": "vite-react",
      "version": "0.0.0",
      "scripts": {
        "dev": "vite",
        "build": "tsc && vite build",
        "serve": "vite preview"
      },
      "dependencies": {
        "react": "^17.0.2",
        "react-dom": "^17.0.2",
        "react-router": "^6.2.1",
        "react-router-dom": "^6.2.1",
        "@pixi/app": "^6.2.1",
        "@pixi/constants": "^6.2.1",
        "@pixi/core": "^6.2.1",
        "@pixi/display": "^6.2.1",
        "@pixi/graphics": "^6.2.1",
        "@pixi/graphics-extras": "^6.2.1",
        "@pixi/interaction": "^6.2.1",
        "@pixi/loaders": "^6.2.1",
        "@pixi/math": "^6.2.1",
        "@pixi/polyfill": "^6.2.1",
        "@pixi/runner": "^6.2.1",
        "@pixi/settings": "^6.2.1",
        "@pixi/sprite": "^6.2.1",
        "@pixi/text": "^6.2.1",
        "@pixi/ticker": "^6.2.1",
        "@pixi/utils": "^6.2.1"
      },
      "devDependencies": {
        "@iconify-json/logos": "*",
        "@svgr/core": "^6.2.0",
        "@types/react": "^17.0.38",
        "@types/react-dom": "^17.0.11",
        "@vitejs/plugin-react-refresh": "^1.3.6",
        "typescript": "^4.5.4",
        "unplugin-auto-import": "workspace:*",
        "unplugin-icons": "^0.13.0",
        "vite": "^2.7.10"
      }
    },
    "prefix": "/Users/zheeeng/Workspace/vite-auto-import-cjs-package"
  },
  "2 debug pnpm:context": {
    "currentLockfileExists": false,
    "storeDir": "/Users/zheeeng/.pnpm-store/v3",
    "virtualStoreDir": "/Users/zheeeng/Workspace/vite-auto-import-cjs-package/node_modules/.pnpm"
  },
  "3 debug pnpm:stage": {
    "prefix": "/Users/zheeeng/Workspace/vite-auto-import-cjs-package",
    "stage": "resolution_started"
  },
  "4 error pnpm": {
    "code": "ERR_PNPM_NO_MATCHING_VERSION_INSIDE_WORKSPACE",
    "pkgsStack": [],
    "err": {
      "name": "pnpm",
      "message": "In : No matching version found for unplugin-auto-import@* inside the workspace",
      "code": "ERR_PNPM_NO_MATCHING_VERSION_INSIDE_WORKSPACE",
      "stack": "pnpm: In : No matching version found for unplugin-auto-import@* inside the workspace\n    at tryResolveFromWorkspace (/Users/zheeeng/.config/yarn/global/node_modules/pnpm/dist/pnpm.cjs:85233:15)\n    at resolveNpm (/Users/zheeeng/.config/yarn/global/node_modules/pnpm/dist/pnpm.cjs:85124:39)\n    at Object.resolve (/Users/zheeeng/.config/yarn/global/node_modules/pnpm/dist/pnpm.cjs:85356:40)\n    at ctx.requestsQueue.add.priority (/Users/zheeeng/.config/yarn/global/node_modules/pnpm/dist/pnpm.cjs:71340:75)\n    at run (/Users/zheeeng/.config/yarn/global/node_modules/pnpm/dist/pnpm.cjs:71087:90)\n    at PQueue._tryToStartAnother (/Users/zheeeng/.config/yarn/global/node_modules/pnpm/dist/pnpm.cjs:71041:13)\n    at /Users/zheeeng/.config/yarn/global/node_modules/pnpm/dist/pnpm.cjs:71100:16\n    at new Promise (<anonymous>)\n    at PQueue.add (/Users/zheeeng/.config/yarn/global/node_modules/pnpm/dist/pnpm.cjs:71082:16)\n    at resolveAndFetch (/Users/zheeeng/.config/yarn/global/node_modules/pnpm/dist/pnpm.cjs:71340:55)"
    }
  }
}